<?xml version="1.0" encoding="UTF-8"?>
<testsuite xmlns:xsi="http://www.w3.org/2001/XMLSchema-instance" xsi:noNamespaceSchemaLocation="https://maven.apache.org/surefire/maven-surefire-plugin/xsd/surefire-test-report-3.0.xsd" version="3.0" name="inter.banking.PixPagamentoTest" time="0.0" tests="3" errors="0" skipped="3" failures="0">
  <properties/>
  <testcase name="incluir_pix_chave_inexistente" classname="inter.banking.PixPagamentoTest" time="0.0">
    <skipped message="class inter.banking.PixPagamentoTest is @Disabled"/>
  </testcase>
  <testcase name="incluir_pix_dados_bancarios" classname="inter.banking.PixPagamentoTest" time="0.0">
    <skipped message="class inter.banking.PixPagamentoTest is @Disabled"/>
  </testcase>
  <testcase name="incluir_pix_chave" classname="inter.banking.PixPagamentoTest" time="0.0">
    <skipped message="class inter.banking.PixPagamentoTest is @Disabled"/>
  </testcase>
</testsuite>