<?xml version="1.0" encoding="UTF-8"?>
<testsuite xmlns:xsi="http://www.w3.org/2001/XMLSchema-instance" xsi:noNamespaceSchemaLocation="https://maven.apache.org/surefire/maven-surefire-plugin/xsd/surefire-test-report-3.0.xsd" version="3.0" name="inter.pix.PixTest" time="0.0" tests="4" errors="0" skipped="4" failures="0">
  <properties/>
  <testcase name="consultar_pix" classname="inter.pix.PixTest" time="0.0">
    <skipped message="class inter.pix.PixTest is @Disabled"/>
  </testcase>
  <testcase name="solicitar_devolucao" classname="inter.pix.PixTest" time="0.0">
    <skipped message="class inter.pix.PixTest is @Disabled"/>
  </testcase>
  <testcase name="consultar_devolucao" classname="inter.pix.PixTest" time="0.0">
    <skipped message="class inter.pix.PixTest is @Disabled"/>
  </testcase>
  <testcase name="consultar_pix_recebidos" classname="inter.pix.PixTest" time="0.0">
    <skipped message="class inter.pix.PixTest is @Disabled"/>
  </testcase>
</testsuite>