<?xml version="1.0" encoding="UTF-8"?>
<testsuite xmlns:xsi="http://www.w3.org/2001/XMLSchema-instance" xsi:noNamespaceSchemaLocation="https://maven.apache.org/surefire/maven-surefire-plugin/xsd/surefire-test-report-3.0.xsd" version="3.0" name="inter.cobranca.BoletoTest" time="0.001" tests="6" errors="0" skipped="6" failures="0">
  <properties/>
  <testcase name="recuperar_boleto_detalhado" classname="inter.cobranca.BoletoTest" time="0.0">
    <skipped message="class inter.cobranca.BoletoTest is @Disabled"/>
  </testcase>
  <testcase name="recuperar_boletos" classname="inter.cobranca.BoletoTest" time="0.0">
    <skipped message="class inter.cobranca.BoletoTest is @Disabled"/>
  </testcase>
  <testcase name="emitir_cancelar_consultar" classname="inter.cobranca.BoletoTest" time="0.0">
    <skipped message="class inter.cobranca.BoletoTest is @Disabled"/>
  </testcase>
  <testcase name="recuperar_boleto_pdf" classname="inter.cobranca.BoletoTest" time="0.0">
    <skipped message="class inter.cobranca.BoletoTest is @Disabled"/>
  </testcase>
  <testcase name="obter_token" classname="inter.cobranca.BoletoTest" time="0.0">
    <skipped message="class inter.cobranca.BoletoTest is @Disabled"/>
  </testcase>
  <testcase name="recuperar_sumario_boletos" classname="inter.cobranca.BoletoTest" time="0.0">
    <skipped message="class inter.cobranca.BoletoTest is @Disabled"/>
  </testcase>
</testsuite>