<?xml version="1.0" encoding="UTF-8"?>
<testsuite xmlns:xsi="http://www.w3.org/2001/XMLSchema-instance" xsi:noNamespaceSchemaLocation="https://maven.apache.org/surefire/maven-surefire-plugin/xsd/surefire-test-report-3.0.xsd" version="3.0" name="inter.pix.LocationTest" time="0.0" tests="4" errors="0" skipped="4" failures="0">
  <properties/>
  <testcase name="desvincular_location" classname="inter.pix.LocationTest" time="0.0">
    <skipped message="class inter.pix.LocationTest is @Disabled"/>
  </testcase>
  <testcase name="recuperar_location" classname="inter.pix.LocationTest" time="0.0">
    <skipped message="class inter.pix.LocationTest is @Disabled"/>
  </testcase>
  <testcase name="consultar_locations" classname="inter.pix.LocationTest" time="0.0">
    <skipped message="class inter.pix.LocationTest is @Disabled"/>
  </testcase>
  <testcase name="criar_location" classname="inter.pix.LocationTest" time="0.0">
    <skipped message="class inter.pix.LocationTest is @Disabled"/>
  </testcase>
</testsuite>