<?xml version="1.0" encoding="UTF-8"?>
<testsuite xmlns:xsi="http://www.w3.org/2001/XMLSchema-instance" xsi:noNamespaceSchemaLocation="https://maven.apache.org/surefire/maven-surefire-plugin/xsd/surefire-test-report-3.0.xsd" version="3.0" name="inter.banking.ExtratoSaldoTest" time="0.011" tests="4" errors="0" skipped="4" failures="0">
  <properties/>
  <testcase name="consultar_extrato" classname="inter.banking.ExtratoSaldoTest" time="0.0">
    <skipped message="class inter.banking.ExtratoSaldoTest is @Disabled"/>
  </testcase>
  <testcase name="recuperar_extrato_pdf" classname="inter.banking.ExtratoSaldoTest" time="0.0">
    <skipped message="class inter.banking.ExtratoSaldoTest is @Disabled"/>
  </testcase>
  <testcase name="consultar_extrato_detalhado" classname="inter.banking.ExtratoSaldoTest" time="0.0">
    <skipped message="class inter.banking.ExtratoSaldoTest is @Disabled"/>
  </testcase>
  <testcase name="consultar_saldo" classname="inter.banking.ExtratoSaldoTest" time="0.0">
    <skipped message="class inter.banking.ExtratoSaldoTest is @Disabled"/>
  </testcase>
</testsuite>