<?xml version="1.0" encoding="UTF-8"?>
<testsuite xmlns:xsi="http://www.w3.org/2001/XMLSchema-instance" xsi:noNamespaceSchemaLocation="https://maven.apache.org/surefire/maven-surefire-plugin/xsd/surefire-test-report-3.0.xsd" version="3.0" name="inter.pix.CobrancaImediataTest" time="0.001" tests="5" errors="0" skipped="5" failures="0">
  <properties/>
  <testcase name="consultar_cobranca" classname="inter.pix.CobrancaImediataTest" time="0.0">
    <skipped message="class inter.pix.CobrancaImediataTest is @Disabled"/>
  </testcase>
  <testcase name="criar_cobranca" classname="inter.pix.CobrancaImediataTest" time="0.0">
    <skipped message="class inter.pix.CobrancaImediataTest is @Disabled"/>
  </testcase>
  <testcase name="criar_cobranca_txit" classname="inter.pix.CobrancaImediataTest" time="0.0">
    <skipped message="class inter.pix.CobrancaImediataTest is @Disabled"/>
  </testcase>
  <testcase name="revisar_cobranca" classname="inter.pix.CobrancaImediataTest" time="0.0">
    <skipped message="class inter.pix.CobrancaImediataTest is @Disabled"/>
  </testcase>
  <testcase name="consultar_cobrancas" classname="inter.pix.CobrancaImediataTest" time="0.0">
    <skipped message="class inter.pix.CobrancaImediataTest is @Disabled"/>
  </testcase>
</testsuite>